void testdecl(void a) { 
        bool x;
        void x;
        int x;
        x = 1; 
        }
void testfunc1(int x, int y){
        x=2; 
        y =4;
}
struct testStruct { 
        int num1;
}
struct testDoubleStruct { 
        int val;
        bool next;
        struct new a; 
}
int exp(){ 
        void x; 
        x = 2132; 
        x = wergnojsa; 
        x = True; 
        x = False; 
        x = -1; 
        x = 2 + (x + 1); 
        x = 2*(x+1); 
        x = 1*-1; 
        x = -1; 
        ret x;
}
void testinvoke() { 
        func1(2,3); 
        hash.next = 3;  
}
bool testterm() {
int x; 
int l; 
l = 1; 
x = 4+7; 
x = x+l;
x = x && l; 
x = (1 == 1); 
x = (1 != 0); 
x = (4 < 2); 
x = (4 > 7); 
x = (5 <= 3); 
x = (3 >= 1); 
l = 3; 
++l; 
--l; 
read("file.txt"); 
receive >> test; 
print<<"nice"; 
if x == 1{ 
    ++x; 
}
else{
--x;
} 
while x==1 { 
++x; 
} 
repeat x>1 { 
    ++x; 
} 
e =0; 
func1(e); 
ret fls; 
}
int testreturn(){
ret 1; 
ret ;
}
void complatected(){ 
      while(x == 1){ 
          int b; 
          b = -1; 
          ++b; 
          if b == 0 {
            x = 2;}
          } 
          }
void others(){
      if(b == 0) {
            x = 4 + 3 *5 -y; 
            while (c) {
                y=y*2 + x;
            }
      } 
      else {
            x = 0;
      } 
      x = -"dasd"; 
      x=- fls; 
      x=- (x+4); 
      ret foo();  
}




